
*** Running vivado
    with args -log DSP_PROCESSOR.vds -m64 -product Vivado -mode batch -messageDb vivado.pb -notrace -source DSP_PROCESSOR.tcl


ECHO is off.
ECHO is off.

****** Vivado v2023.2 (64-bit)
  **** SW Build 4029153 on Fri Oct 13 20:14:34 MDT 2023
  **** IP Build 4028589 on Sat Oct 14 00:45:43 MDT 2023
  **** SharedData Build 4025554 on Tue Oct 10 17:18:54 MDT 2023
    ** Copyright 1986-2022 Xilinx, Inc. All Rights Reserved.
    ** Copyright 2022-2023 Advanced Micro Devices, Inc. All Rights Reserved.

source DSP_PROCESSOR.tcl -notrace
Command: read_checkpoint -auto_incremental -incremental {D:/Vivado Workspace/Arty-A7/DSP_PROCESSOR/DSP_PROCESSOR.srcs/utils_1/imports/synth_1/DSP_PROCESSOR.dcp}
INFO: [Vivado 12-5825] Read reference checkpoint from D:/Vivado Workspace/Arty-A7/DSP_PROCESSOR/DSP_PROCESSOR.srcs/utils_1/imports/synth_1/DSP_PROCESSOR.dcp for incremental synthesis
INFO: [Vivado 12-7989] Please ensure there are no constraint changes
Command: synth_design -top DSP_PROCESSOR -part xc7a100tcsg324-1
Starting synth_design
Attempting to get a license for feature 'Synthesis' and/or device 'xc7a100t'
INFO: [Common 17-349] Got license for feature 'Synthesis' and/or device 'xc7a100t'
INFO: [Device 21-403] Loading part xc7a100tcsg324-1
INFO: [Designutils 20-5440] No compile time benefit to using incremental synthesis; A full resynthesis will be run
INFO: [Designutils 20-4379] Flow is switching to default flow due to incremental criteria not met. If you would like to alter this behaviour and have the flow terminate instead, please set the following parameter config_implementation {autoIncr.Synth.RejectBehavior Terminate}
INFO: [Synth 8-7079] Multithreading enabled for synth_design using a maximum of 2 processes.
INFO: [Synth 8-7078] Launching helper process for spawning children vivado processes
INFO: [Synth 8-7075] Helper process launched with PID 10736
---------------------------------------------------------------------------------
Starting RTL Elaboration : Time (s): cpu = 00:00:02 ; elapsed = 00:00:03 . Memory (MB): peak = 1344.348 ; gain = 440.180
---------------------------------------------------------------------------------
INFO: [Synth 8-11241] undeclared symbol 'rx_data', assumed default net type 'wire' [D:/Vivado Workspace/Arty-A7/DSP_PROCESSOR/DSP_PROCESSOR.srcs/sources_1/new/DSP_PROCESSOR.v:78]
INFO: [Synth 8-6157] synthesizing module 'DSP_PROCESSOR' [D:/Vivado Workspace/Arty-A7/DSP_PROCESSOR/DSP_PROCESSOR.srcs/sources_1/new/DSP_PROCESSOR.v:23]
INFO: [Synth 8-6157] synthesizing module 'fifo' [D:/Vivado Workspace/Arty-A7/DSP_PROCESSOR/DSP_PROCESSOR.srcs/sources_1/new/fifo.v:23]
INFO: [Synth 8-6155] done synthesizing module 'fifo' (0#1) [D:/Vivado Workspace/Arty-A7/DSP_PROCESSOR/DSP_PROCESSOR.srcs/sources_1/new/fifo.v:23]
WARNING: [Synth 8-689] width (8) of port connection 'o_data_out' does not match port width (32) of module 'fifo' [D:/Vivado Workspace/Arty-A7/DSP_PROCESSOR/DSP_PROCESSOR.srcs/sources_1/new/DSP_PROCESSOR.v:69]
INFO: [Synth 8-6157] synthesizing module 'fir_filter' [D:/Vivado Workspace/Arty-A7/DSP_PROCESSOR/DSP_PROCESSOR.srcs/sources_1/new/fir_filter.v:23]
INFO: [Synth 8-3876] $readmem data file 'Filter_Memory.mem' is read successfully [D:/Vivado Workspace/Arty-A7/DSP_PROCESSOR/DSP_PROCESSOR.srcs/sources_1/new/fir_filter.v:45]
INFO: [Synth 8-3876] $readmem data file 'Data_Memory.mem' is read successfully [D:/Vivado Workspace/Arty-A7/DSP_PROCESSOR/DSP_PROCESSOR.srcs/sources_1/new/fir_filter.v:54]
INFO: [Synth 8-6155] done synthesizing module 'fir_filter' (0#1) [D:/Vivado Workspace/Arty-A7/DSP_PROCESSOR/DSP_PROCESSOR.srcs/sources_1/new/fir_filter.v:23]
INFO: [Synth 8-6157] synthesizing module 'uart_rx' [D:/Vivado Workspace/Arty-A7/DSP_PROCESSOR/DSP_PROCESSOR.srcs/sources_1/new/uart_rx.v:8]
INFO: [Synth 8-6155] done synthesizing module 'uart_rx' (0#1) [D:/Vivado Workspace/Arty-A7/DSP_PROCESSOR/DSP_PROCESSOR.srcs/sources_1/new/uart_rx.v:8]
WARNING: [Synth 8-689] width (1) of port connection 'rx_data' does not match port width (8) of module 'uart_rx' [D:/Vivado Workspace/Arty-A7/DSP_PROCESSOR/DSP_PROCESSOR.srcs/sources_1/new/DSP_PROCESSOR.v:86]
INFO: [Synth 8-6155] done synthesizing module 'DSP_PROCESSOR' (0#1) [D:/Vivado Workspace/Arty-A7/DSP_PROCESSOR/DSP_PROCESSOR.srcs/sources_1/new/DSP_PROCESSOR.v:23]
WARNING: [Synth 8-3848] Net tx_fifo_read_en in module/entity DSP_PROCESSOR does not have driver. [D:/Vivado Workspace/Arty-A7/DSP_PROCESSOR/DSP_PROCESSOR.srcs/sources_1/new/DSP_PROCESSOR.v:37]
---------------------------------------------------------------------------------
Finished RTL Elaboration : Time (s): cpu = 00:00:02 ; elapsed = 00:00:05 . Memory (MB): peak = 1453.957 ; gain = 549.789
---------------------------------------------------------------------------------
---------------------------------------------------------------------------------
Start Handling Custom Attributes
---------------------------------------------------------------------------------
---------------------------------------------------------------------------------
Finished Handling Custom Attributes : Time (s): cpu = 00:00:02 ; elapsed = 00:00:05 . Memory (MB): peak = 1453.957 ; gain = 549.789
---------------------------------------------------------------------------------
---------------------------------------------------------------------------------
Finished RTL Optimization Phase 1 : Time (s): cpu = 00:00:02 ; elapsed = 00:00:05 . Memory (MB): peak = 1453.957 ; gain = 549.789
---------------------------------------------------------------------------------
Netlist sorting complete. Time (s): cpu = 00:00:00 ; elapsed = 00:00:00.003 . Memory (MB): peak = 1453.957 ; gain = 0.000
INFO: [Project 1-570] Preparing netlist for logic optimization

Processing XDC Constraints
Initializing timing engine
Parsing XDC File [D:/Vivado Workspace/Arty-A7/Arty-A7-35-Master.xdc]
Finished Parsing XDC File [D:/Vivado Workspace/Arty-A7/Arty-A7-35-Master.xdc]
INFO: [Project 1-236] Implementation specific constraints were found while reading constraint file [D:/Vivado Workspace/Arty-A7/Arty-A7-35-Master.xdc]. These constraints will be ignored for synthesis but will be used in implementation. Impacted constraints are listed in the file [.Xil/DSP_PROCESSOR_propImpl.xdc].
Resolution: To avoid this warning, move constraints listed in [.Xil/DSP_PROCESSOR_propImpl.xdc] to another XDC file and exclude this new file from synthesis with the used_in_synthesis property (File Properties dialog in GUI) and re-run elaboration/synthesis.
Completed Processing XDC Constraints

Netlist sorting complete. Time (s): cpu = 00:00:00 ; elapsed = 00:00:00 . Memory (MB): peak = 1548.316 ; gain = 0.000
INFO: [Project 1-111] Unisim Transformation Summary:
No Unisim elements were transformed.

Access is denied.
Constraint Validation Runtime : Time (s): cpu = 00:00:00 ; elapsed = 00:00:00.002 . Memory (MB): peak = 1548.316 ; gain = 0.000
INFO: [Designutils 20-5440] No compile time benefit to using incremental synthesis; A full resynthesis will be run
INFO: [Designutils 20-4379] Flow is switching to default flow due to incremental criteria not met. If you would like to alter this behaviour and have the flow terminate instead, please set the following parameter config_implementation {autoIncr.Synth.RejectBehavior Terminate}
---------------------------------------------------------------------------------
Finished Constraint Validation : Time (s): cpu = 00:00:04 ; elapsed = 00:00:10 . Memory (MB): peak = 1548.316 ; gain = 644.148
---------------------------------------------------------------------------------
---------------------------------------------------------------------------------
Start Loading Part and Timing Information
---------------------------------------------------------------------------------
Loading part: xc7a100tcsg324-1
---------------------------------------------------------------------------------
Finished Loading Part and Timing Information : Time (s): cpu = 00:00:04 ; elapsed = 00:00:10 . Memory (MB): peak = 1548.316 ; gain = 644.148
---------------------------------------------------------------------------------
---------------------------------------------------------------------------------
Start Applying 'set_property' XDC Constraints
---------------------------------------------------------------------------------
---------------------------------------------------------------------------------
Finished applying 'set_property' XDC Constraints : Time (s): cpu = 00:00:04 ; elapsed = 00:00:10 . Memory (MB): peak = 1548.316 ; gain = 644.148
---------------------------------------------------------------------------------
INFO: [Synth 8-802] inferred FSM for state register 'uart_rx_state_reg' in module 'uart_rx'
---------------------------------------------------------------------------------------------------
                   State |                     New Encoding |                Previous Encoding 
---------------------------------------------------------------------------------------------------
                    IDLE |                            00001 |                              000
               START_BIT |                            00010 |                              001
               DATA_BITS |                            00100 |                              010
                STOP_BIT |                            01000 |                              011
                   CLEAN |                            10000 |                              100
---------------------------------------------------------------------------------------------------
INFO: [Synth 8-3354] encoded FSM with state register 'uart_rx_state_reg' using encoding 'one-hot' in module 'uart_rx'
---------------------------------------------------------------------------------
Finished RTL Optimization Phase 2 : Time (s): cpu = 00:00:04 ; elapsed = 00:00:10 . Memory (MB): peak = 1548.316 ; gain = 644.148
---------------------------------------------------------------------------------
---------------------------------------------------------------------------------
Start RTL Component Statistics 
---------------------------------------------------------------------------------
Detailed RTL Component Info : 
+---Adders : 
	   2 Input   10 Bit       Adders := 1     
	   2 Input    4 Bit       Adders := 5     
	   2 Input    3 Bit       Adders := 3     
+---Registers : 
	               32 Bit    Registers := 3     
	               16 Bit    Registers := 2     
	               10 Bit    Registers := 1     
	                8 Bit    Registers := 1     
	                4 Bit    Registers := 3     
	                3 Bit    Registers := 1     
	                2 Bit    Registers := 1     
	                1 Bit    Registers := 7     
+---RAMs : 
	              256 Bit	(8 X 32 bit)          RAMs := 1     
	              256 Bit	(16 X 16 bit)          RAMs := 1     
+---Muxes : 
	   2 Input   32 Bit        Muxes := 1     
	  17 Input   16 Bit        Muxes := 1     
	   2 Input   10 Bit        Muxes := 1     
	   5 Input   10 Bit        Muxes := 1     
	   2 Input    8 Bit        Muxes := 2     
	   5 Input    8 Bit        Muxes := 1     
	   5 Input    5 Bit        Muxes := 1     
	   2 Input    5 Bit        Muxes := 6     
	   2 Input    4 Bit        Muxes := 2     
	   2 Input    3 Bit        Muxes := 1     
	   5 Input    3 Bit        Muxes := 1     
	   2 Input    1 Bit        Muxes := 3     
	   5 Input    1 Bit        Muxes := 3     
---------------------------------------------------------------------------------
Finished RTL Component Statistics 
---------------------------------------------------------------------------------
---------------------------------------------------------------------------------
Start Part Resource Summary
---------------------------------------------------------------------------------
Part Resources:
DSPs: 240 (col length:80)
BRAMs: 270 (col length: RAMB18 80 RAMB36 40)
---------------------------------------------------------------------------------
Finished Part Resource Summary
---------------------------------------------------------------------------------
---------------------------------------------------------------------------------
Start Cross Boundary and Area Optimization
---------------------------------------------------------------------------------
WARNING: [Synth 8-7080] Parallel synthesis criteria is not met
WARNING: [Synth 8-6014] Unused sequential element tx1/fifo_reg was removed. 
WARNING: [Synth 8-6014] Unused sequential element f1/datamem_reg was removed. 
---------------------------------------------------------------------------------
Finished Cross Boundary and Area Optimization : Time (s): cpu = 00:00:05 ; elapsed = 00:00:12 . Memory (MB): peak = 1548.316 ; gain = 644.148
---------------------------------------------------------------------------------
---------------------------------------------------------------------------------
Start Applying XDC Timing Constraints
---------------------------------------------------------------------------------
---------------------------------------------------------------------------------
Finished Applying XDC Timing Constraints : Time (s): cpu = 00:00:06 ; elapsed = 00:00:15 . Memory (MB): peak = 1548.316 ; gain = 644.148
---------------------------------------------------------------------------------
---------------------------------------------------------------------------------
Start Timing Optimization
---------------------------------------------------------------------------------
---------------------------------------------------------------------------------
Finished Timing Optimization : Time (s): cpu = 00:00:06 ; elapsed = 00:00:15 . Memory (MB): peak = 1548.316 ; gain = 644.148
---------------------------------------------------------------------------------
---------------------------------------------------------------------------------
Start Technology Mapping
---------------------------------------------------------------------------------
---------------------------------------------------------------------------------
Finished Technology Mapping : Time (s): cpu = 00:00:06 ; elapsed = 00:00:15 . Memory (MB): peak = 1548.316 ; gain = 644.148
---------------------------------------------------------------------------------
---------------------------------------------------------------------------------
Start IO Insertion
---------------------------------------------------------------------------------
---------------------------------------------------------------------------------
Start Flattening Before IO Insertion
---------------------------------------------------------------------------------
---------------------------------------------------------------------------------
Finished Flattening Before IO Insertion
---------------------------------------------------------------------------------
---------------------------------------------------------------------------------
Start Final Netlist Cleanup
---------------------------------------------------------------------------------
---------------------------------------------------------------------------------
Finished Final Netlist Cleanup
---------------------------------------------------------------------------------
---------------------------------------------------------------------------------
Finished IO Insertion : Time (s): cpu = 00:00:08 ; elapsed = 00:00:18 . Memory (MB): peak = 1548.316 ; gain = 644.148
---------------------------------------------------------------------------------
---------------------------------------------------------------------------------
Start Renaming Generated Instances
---------------------------------------------------------------------------------
---------------------------------------------------------------------------------
Finished Renaming Generated Instances : Time (s): cpu = 00:00:08 ; elapsed = 00:00:18 . Memory (MB): peak = 1548.316 ; gain = 644.148
---------------------------------------------------------------------------------
---------------------------------------------------------------------------------
Start Rebuilding User Hierarchy
---------------------------------------------------------------------------------
---------------------------------------------------------------------------------
Finished Rebuilding User Hierarchy : Time (s): cpu = 00:00:08 ; elapsed = 00:00:18 . Memory (MB): peak = 1548.316 ; gain = 644.148
---------------------------------------------------------------------------------
---------------------------------------------------------------------------------
Start Renaming Generated Ports
---------------------------------------------------------------------------------
---------------------------------------------------------------------------------
Finished Renaming Generated Ports : Time (s): cpu = 00:00:08 ; elapsed = 00:00:18 . Memory (MB): peak = 1548.316 ; gain = 644.148
---------------------------------------------------------------------------------
---------------------------------------------------------------------------------
Start Handling Custom Attributes
---------------------------------------------------------------------------------
---------------------------------------------------------------------------------
Finished Handling Custom Attributes : Time (s): cpu = 00:00:08 ; elapsed = 00:00:18 . Memory (MB): peak = 1548.316 ; gain = 644.148
---------------------------------------------------------------------------------
---------------------------------------------------------------------------------
Start Renaming Generated Nets
---------------------------------------------------------------------------------
---------------------------------------------------------------------------------
Finished Renaming Generated Nets : Time (s): cpu = 00:00:08 ; elapsed = 00:00:18 . Memory (MB): peak = 1548.316 ; gain = 644.148
---------------------------------------------------------------------------------
---------------------------------------------------------------------------------
Start Writing Synthesis Report
---------------------------------------------------------------------------------

Report BlackBoxes: 
+-+--------------+----------+
| |BlackBox name |Instances |
+-+--------------+----------+
+-+--------------+----------+

Report Cell Usage: 
+------+-----+------+
|      |Cell |Count |
+------+-----+------+
|1     |BUFG |     1|
|2     |LUT2 |     5|
|3     |LUT3 |     4|
|4     |LUT4 |     8|
|5     |LUT5 |     2|
|6     |LUT6 |    25|
|7     |FDRE |    20|
|8     |FDSE |     6|
|9     |IBUF |     3|
|10    |OBUF |     2|
+------+-----+------+
---------------------------------------------------------------------------------
Finished Writing Synthesis Report : Time (s): cpu = 00:00:08 ; elapsed = 00:00:18 . Memory (MB): peak = 1548.316 ; gain = 644.148
---------------------------------------------------------------------------------
Synthesis finished with 0 errors, 0 critical warnings and 3 warnings.
Synthesis Optimization Runtime : Time (s): cpu = 00:00:05 ; elapsed = 00:00:17 . Memory (MB): peak = 1548.316 ; gain = 549.789
Synthesis Optimization Complete : Time (s): cpu = 00:00:08 ; elapsed = 00:00:19 . Memory (MB): peak = 1548.316 ; gain = 644.148
INFO: [Project 1-571] Translating synthesized netlist
Netlist sorting complete. Time (s): cpu = 00:00:00 ; elapsed = 00:00:00.001 . Memory (MB): peak = 1548.316 ; gain = 0.000
INFO: [Project 1-570] Preparing netlist for logic optimization
INFO: [Opt 31-138] Pushed 0 inverter(s) to 0 load pin(s).
Netlist sorting complete. Time (s): cpu = 00:00:00 ; elapsed = 00:00:00 . Memory (MB): peak = 1548.316 ; gain = 0.000
INFO: [Project 1-111] Unisim Transformation Summary:
No Unisim elements were transformed.

Access is denied.
Synth Design complete | Checksum: e5d862
INFO: [Common 17-83] Releasing license: Synthesis
32 Infos, 6 Warnings, 0 Critical Warnings and 0 Errors encountered.
synth_design completed successfully
synth_design: Time (s): cpu = 00:00:09 ; elapsed = 00:00:22 . Memory (MB): peak = 1548.316 ; gain = 1051.703
Write ShapeDB Complete: Time (s): cpu = 00:00:00 ; elapsed = 00:00:00.001 . Memory (MB): peak = 1548.316 ; gain = 0.000
INFO: [Common 17-1381] The checkpoint 'D:/Vivado Workspace/Arty-A7/DSP_PROCESSOR/DSP_PROCESSOR.runs/synth_1/DSP_PROCESSOR.dcp' has been generated.
INFO: [runtcl-4] Executing : report_utilization -file DSP_PROCESSOR_utilization_synth.rpt -pb DSP_PROCESSOR_utilization_synth.pb
INFO: [Common 17-206] Exiting Vivado at Fri Jul 19 12:50:34 2024...
