Copyright 1986-2022 Xilinx, Inc. All Rights Reserved. Copyright 2022-2023 Advanced Micro Devices, Inc. All Rights Reserved.
---------------------------------------------------------------------------------------------------------------------------------------------
| Tool Version : Vivado v.2023.2 (win64) Build 4029153 Fri Oct 13 20:14:34 MDT 2023
| Date         : Fri Jul 19 12:51:31 2024
| Host         : LAPTOP-U64NKUOV running 64-bit major release  (build 9200)
| Command      : report_control_sets -verbose -file DSP_PROCESSOR_control_sets_placed.rpt
| Design       : DSP_PROCESSOR
| Device       : xc7a100t
---------------------------------------------------------------------------------------------------------------------------------------------

Control Set Information

Table of Contents
-----------------
1. Summary
2. Histogram
3. Flip-Flop Distribution
4. Detailed Control Set Information

1. Summary
----------

+----------------------------------------------------------+-------+
|                          Status                          | Count |
+----------------------------------------------------------+-------+
| Total control sets                                       |     4 |
|    Minimum number of control sets                        |     4 |
|    Addition due to synthesis replication                 |     0 |
|    Addition due to physical synthesis replication        |     0 |
| Unused register locations in slices containing registers |    14 |
+----------------------------------------------------------+-------+
* Control sets can be merged at opt_design using control_set_merge or merge_equivalent_drivers
** Run report_qor_suggestions for automated merging and remapping suggestions


2. Histogram
------------

+--------------------+-------+
|       Fanout       | Count |
+--------------------+-------+
| Total control sets |     4 |
| >= 0 to < 4        |     0 |
| >= 4 to < 6        |     3 |
| >= 6 to < 8        |     0 |
| >= 8 to < 10       |     0 |
| >= 10 to < 12      |     1 |
| >= 12 to < 14      |     0 |
| >= 14 to < 16      |     0 |
| >= 16              |     0 |
+--------------------+-------+
* Control sets can be remapped at either synth_design or opt_design


3. Flip-Flop Distribution
-------------------------

+--------------+-----------------------+------------------------+-----------------+--------------+
| Clock Enable | Synchronous Set/Reset | Asynchronous Set/Reset | Total Registers | Total Slices |
+--------------+-----------------------+------------------------+-----------------+--------------+
| No           | No                    | No                     |               5 |            4 |
| No           | No                    | Yes                    |               0 |            0 |
| No           | Yes                   | No                     |              11 |            7 |
| Yes          | No                    | No                     |               5 |            2 |
| Yes          | No                    | Yes                    |               0 |            0 |
| Yes          | Yes                   | No                     |               5 |            2 |
+--------------+-----------------------+------------------------+-----------------+--------------+


4. Detailed Control Set Information
-----------------------------------

+-----------------------+---------------------------+---------------------------+------------------+----------------+--------------+
|      Clock Signal     |       Enable Signal       |      Set/Reset Signal     | Slice Load Count | Bel Load Count | Bels / Slice |
+-----------------------+---------------------------+---------------------------+------------------+----------------+--------------+
|  clk_100MHz_IBUF_BUFG |                           |                           |                4 |              5 |         1.25 |
|  clk_100MHz_IBUF_BUFG | u1/clock_count[8]_i_1_n_0 |                           |                2 |              5 |         2.50 |
|  clk_100MHz_IBUF_BUFG | u1/clock_count[8]_i_1_n_0 | u1/clock_count[9]_i_1_n_0 |                2 |              5 |         2.50 |
|  clk_100MHz_IBUF_BUFG |                           | rst_IBUF                  |                7 |             11 |         1.57 |
+-----------------------+---------------------------+---------------------------+------------------+----------------+--------------+


